Started GET "/" for 127.0.0.1 at 2018-11-01 10:35:18 +0800
  
ActiveRecord::NoDatabaseError (FATAL:  database "profile_development" does not exist
):
  
activerecord (5.2.1) lib/active_record/connection_adapters/postgresql_adapter.rb:688:in `rescue in connect'
activerecord (5.2.1) lib/active_record/connection_adapters/postgresql_adapter.rb:683:in `connect'
activerecord (5.2.1) lib/active_record/connection_adapters/postgresql_adapter.rb:215:in `initialize'
activerecord (5.2.1) lib/active_record/connection_adapters/postgresql_adapter.rb:40:in `new'
activerecord (5.2.1) lib/active_record/connection_adapters/postgresql_adapter.rb:40:in `postgresql_connection'
activerecord (5.2.1) lib/active_record/connection_adapters/abstract/connection_pool.rb:809:in `new_connection'
activerecord (5.2.1) lib/active_record/connection_adapters/abstract/connection_pool.rb:853:in `checkout_new_connection'
activerecord (5.2.1) lib/active_record/connection_adapters/abstract/connection_pool.rb:832:in `try_to_checkout_new_connection'
activerecord (5.2.1) lib/active_record/connection_adapters/abstract/connection_pool.rb:793:in `acquire_connection'
activerecord (5.2.1) lib/active_record/connection_adapters/abstract/connection_pool.rb:521:in `checkout'
activerecord (5.2.1) lib/active_record/connection_adapters/abstract/connection_pool.rb:380:in `connection'
activerecord (5.2.1) lib/active_record/connection_adapters/abstract/connection_pool.rb:1008:in `retrieve_connection'
activerecord (5.2.1) lib/active_record/connection_handling.rb:118:in `retrieve_connection'
activerecord (5.2.1) lib/active_record/connection_handling.rb:90:in `connection'
activerecord (5.2.1) lib/active_record/migration.rb:554:in `call'
actionpack (5.2.1) lib/action_dispatch/middleware/callbacks.rb:28:in `block in call'
activesupport (5.2.1) lib/active_support/callbacks.rb:98:in `run_callbacks'
actionpack (5.2.1) lib/action_dispatch/middleware/callbacks.rb:26:in `call'
actionpack (5.2.1) lib/action_dispatch/middleware/executor.rb:14:in `call'
actionpack (5.2.1) lib/action_dispatch/middleware/debug_exceptions.rb:61:in `call'
web-console (3.7.0) lib/web_console/middleware.rb:135:in `call_app'
web-console (3.7.0) lib/web_console/middleware.rb:30:in `block in call'
web-console (3.7.0) lib/web_console/middleware.rb:20:in `catch'
web-console (3.7.0) lib/web_console/middleware.rb:20:in `call'
actionpack (5.2.1) lib/action_dispatch/middleware/show_exceptions.rb:33:in `call'
railties (5.2.1) lib/rails/rack/logger.rb:38:in `call_app'
railties (5.2.1) lib/rails/rack/logger.rb:26:in `block in call'
activesupport (5.2.1) lib/active_support/tagged_logging.rb:71:in `block in tagged'
activesupport (5.2.1) lib/active_support/tagged_logging.rb:28:in `tagged'
activesupport (5.2.1) lib/active_support/tagged_logging.rb:71:in `tagged'
railties (5.2.1) lib/rails/rack/logger.rb:26:in `call'
sprockets-rails (3.2.1) lib/sprockets/rails/quiet_assets.rb:13:in `call'
actionpack (5.2.1) lib/action_dispatch/middleware/remote_ip.rb:81:in `call'
actionpack (5.2.1) lib/action_dispatch/middleware/request_id.rb:27:in `call'
rack (2.0.5) lib/rack/method_override.rb:22:in `call'
rack (2.0.5) lib/rack/runtime.rb:22:in `call'
activesupport (5.2.1) lib/active_support/cache/strategy/local_cache_middleware.rb:29:in `call'
actionpack (5.2.1) lib/action_dispatch/middleware/executor.rb:14:in `call'
actionpack (5.2.1) lib/action_dispatch/middleware/static.rb:127:in `call'
rack (2.0.5) lib/rack/sendfile.rb:111:in `call'
railties (5.2.1) lib/rails/engine.rb:524:in `call'
puma (3.12.0) lib/puma/configuration.rb:225:in `call'
puma (3.12.0) lib/puma/server.rb:658:in `handle_request'
puma (3.12.0) lib/puma/server.rb:472:in `process_client'
puma (3.12.0) lib/puma/server.rb:332:in `block in run'
puma (3.12.0) lib/puma/thread_pool.rb:133:in `block in spawn_thread'
  [1m[35m (43.1ms)[0m  [1m[35mDROP DATABASE IF EXISTS "profile_development"[0m
  ↳ /home/ggoh/.rbenv/versions/2.5.1/bin/rake:23
  [1m[35m (0.1ms)[0m  [1m[35mDROP DATABASE IF EXISTS "profile_test"[0m
  ↳ /home/ggoh/.rbenv/versions/2.5.1/bin/rake:23
  [1m[35m (1981.2ms)[0m  [1m[35mCREATE DATABASE "profile_development" ENCODING = 'unicode'[0m
  ↳ /home/ggoh/.rbenv/versions/2.5.1/bin/rake:23
  [1m[35m (1309.2ms)[0m  [1m[35mCREATE DATABASE "profile_test" ENCODING = 'unicode'[0m
  ↳ /home/ggoh/.rbenv/versions/2.5.1/bin/rake:23
  [1m[35mSQL (0.3ms)[0m  [1m[35mCREATE EXTENSION IF NOT EXISTS "plpgsql"[0m
  ↳ db/schema.rb:16
  [1m[35m (0.3ms)[0m  [1m[35mDROP TABLE IF EXISTS "admins" CASCADE[0m
  ↳ db/schema.rb:18
  [1m[35m (44.5ms)[0m  [1m[35mCREATE TABLE "admins" ("id" bigserial primary key, "email" character varying DEFAULT '' NOT NULL, "encrypted_password" character varying DEFAULT '' NOT NULL, "reset_password_token" character varying, "reset_password_sent_at" timestamp, "remember_created_at" timestamp, "created_at" timestamp NOT NULL, "updated_at" timestamp NOT NULL, "avatar" character varying)[0m
  ↳ db/schema.rb:18
  [1m[35m (7.4ms)[0m  [1m[35mCREATE UNIQUE INDEX  "index_admins_on_email" ON "admins"  ("email")[0m
  ↳ db/schema.rb:18
  [1m[35m (6.8ms)[0m  [1m[35mCREATE UNIQUE INDEX  "index_admins_on_reset_password_token" ON "admins"  ("reset_password_token")[0m
  ↳ db/schema.rb:18
  [1m[35m (0.3ms)[0m  [1m[35mDROP TABLE IF EXISTS "ckeditor_assets" CASCADE[0m
  ↳ db/schema.rb:31
  [1m[35m (59.8ms)[0m  [1m[35mCREATE TABLE "ckeditor_assets" ("id" serial NOT NULL PRIMARY KEY, "data_file_name" character varying NOT NULL, "data_content_type" character varying, "data_file_size" integer, "type" character varying(30), "width" integer, "height" integer, "created_at" timestamp NOT NULL, "updated_at" timestamp NOT NULL)[0m
  ↳ db/schema.rb:31
  [1m[35m (69.6ms)[0m  [1m[35mCREATE  INDEX  "index_ckeditor_assets_on_type" ON "ckeditor_assets"  ("type")[0m
  ↳ db/schema.rb:31
  [1m[35m (0.5ms)[0m  [1m[35mDROP TABLE IF EXISTS "posts" CASCADE[0m
  ↳ db/schema.rb:43
  [1m[35m (20.1ms)[0m  [1m[35mCREATE TABLE "posts" ("id" bigserial primary key, "title" character varying, "body" text, "created_at" timestamp NOT NULL, "updated_at" timestamp NOT NULL)[0m
  ↳ db/schema.rb:43
  [1m[35m (10.4ms)[0m  [1m[35mCREATE TABLE "schema_migrations" ("version" character varying NOT NULL PRIMARY KEY)[0m
  ↳ db/schema.rb:13
  [1m[35m (0.5ms)[0m  [1m[34mSELECT "schema_migrations"."version" FROM "schema_migrations" ORDER BY "schema_migrations"."version" ASC[0m
  ↳ db/schema.rb:13
  [1m[35m (2.2ms)[0m  [1m[32mINSERT INTO "schema_migrations" (version) VALUES (20181003222934)[0m
  ↳ db/schema.rb:13
  [1m[35m (2.1ms)[0m  [1m[32mINSERT INTO "schema_migrations" (version) VALUES
(20181003222932),
(20181003141005),
(20181003222933);

[0m
  ↳ db/schema.rb:13
  [1m[35m (14.5ms)[0m  [1m[35mCREATE TABLE "ar_internal_metadata" ("key" character varying NOT NULL PRIMARY KEY, "value" character varying, "created_at" timestamp NOT NULL, "updated_at" timestamp NOT NULL)[0m
  ↳ db/schema.rb:13
  [1m[36mActiveRecord::InternalMetadata Load (0.4ms)[0m  [1m[34mSELECT  "ar_internal_metadata".* FROM "ar_internal_metadata" WHERE "ar_internal_metadata"."key" = $1 LIMIT $2[0m  [["key", "environment"], ["LIMIT", 1]]
  ↳ db/schema.rb:13
  [1m[35m (0.1ms)[0m  [1m[35mBEGIN[0m
  ↳ db/schema.rb:13
  [1m[36mActiveRecord::InternalMetadata Create (0.5ms)[0m  [1m[32mINSERT INTO "ar_internal_metadata" ("key", "value", "created_at", "updated_at") VALUES ($1, $2, $3, $4) RETURNING "key"[0m  [["key", "environment"], ["value", "development"], ["created_at", "2018-11-01 02:37:14.916925"], ["updated_at", "2018-11-01 02:37:14.916925"]]
  ↳ db/schema.rb:13
  [1m[35m (2.0ms)[0m  [1m[35mCOMMIT[0m
  ↳ db/schema.rb:13
  [1m[36mActiveRecord::InternalMetadata Load (0.3ms)[0m  [1m[34mSELECT  "ar_internal_metadata".* FROM "ar_internal_metadata" WHERE "ar_internal_metadata"."key" = $1 LIMIT $2[0m  [["key", "environment"], ["LIMIT", 1]]
  ↳ /home/ggoh/.rbenv/versions/2.5.1/bin/rake:23
  [1m[35m (0.1ms)[0m  [1m[35mBEGIN[0m
  ↳ /home/ggoh/.rbenv/versions/2.5.1/bin/rake:23
  [1m[35m (0.2ms)[0m  [1m[35mCOMMIT[0m
  ↳ /home/ggoh/.rbenv/versions/2.5.1/bin/rake:23
  [1m[35mSQL (0.3ms)[0m  [1m[35mCREATE EXTENSION IF NOT EXISTS "plpgsql"[0m
  ↳ db/schema.rb:16
  [1m[35m (0.2ms)[0m  [1m[35mDROP TABLE IF EXISTS "admins" CASCADE[0m
  ↳ db/schema.rb:18
  [1m[35m (286.6ms)[0m  [1m[35mCREATE TABLE "admins" ("id" bigserial primary key, "email" character varying DEFAULT '' NOT NULL, "encrypted_password" character varying DEFAULT '' NOT NULL, "reset_password_token" character varying, "reset_password_sent_at" timestamp, "remember_created_at" timestamp, "created_at" timestamp NOT NULL, "updated_at" timestamp NOT NULL, "avatar" character varying)[0m
  ↳ db/schema.rb:18
  [1m[35m (11.4ms)[0m  [1m[35mCREATE UNIQUE INDEX  "index_admins_on_email" ON "admins"  ("email")[0m
  ↳ db/schema.rb:18
  [1m[35m (9.3ms)[0m  [1m[35mCREATE UNIQUE INDEX  "index_admins_on_reset_password_token" ON "admins"  ("reset_password_token")[0m
  ↳ db/schema.rb:18
  [1m[35m (0.4ms)[0m  [1m[35mDROP TABLE IF EXISTS "ckeditor_assets" CASCADE[0m
  ↳ db/schema.rb:31
  [1m[35m (28.7ms)[0m  [1m[35mCREATE TABLE "ckeditor_assets" ("id" serial NOT NULL PRIMARY KEY, "data_file_name" character varying NOT NULL, "data_content_type" character varying, "data_file_size" integer, "type" character varying(30), "width" integer, "height" integer, "created_at" timestamp NOT NULL, "updated_at" timestamp NOT NULL)[0m
  ↳ db/schema.rb:31
  [1m[35m (6.9ms)[0m  [1m[35mCREATE  INDEX  "index_ckeditor_assets_on_type" ON "ckeditor_assets"  ("type")[0m
  ↳ db/schema.rb:31
  [1m[35m (0.2ms)[0m  [1m[35mDROP TABLE IF EXISTS "posts" CASCADE[0m
  ↳ db/schema.rb:43
  [1m[35m (11.0ms)[0m  [1m[35mCREATE TABLE "posts" ("id" bigserial primary key, "title" character varying, "body" text, "created_at" timestamp NOT NULL, "updated_at" timestamp NOT NULL)[0m
  ↳ db/schema.rb:43
  [1m[35m (64.7ms)[0m  [1m[35mCREATE TABLE "schema_migrations" ("version" character varying NOT NULL PRIMARY KEY)[0m
  ↳ db/schema.rb:13
  [1m[35m (0.7ms)[0m  [1m[34mSELECT "schema_migrations"."version" FROM "schema_migrations" ORDER BY "schema_migrations"."version" ASC[0m
  ↳ db/schema.rb:13
  [1m[35m (2.1ms)[0m  [1m[32mINSERT INTO "schema_migrations" (version) VALUES (20181003222934)[0m
  ↳ db/schema.rb:13
  [1m[35m (2.1ms)[0m  [1m[32mINSERT INTO "schema_migrations" (version) VALUES
(20181003222932),
(20181003141005),
(20181003222933);

[0m
  ↳ db/schema.rb:13
  [1m[35m (13.6ms)[0m  [1m[35mCREATE TABLE "ar_internal_metadata" ("key" character varying NOT NULL PRIMARY KEY, "value" character varying, "created_at" timestamp NOT NULL, "updated_at" timestamp NOT NULL)[0m
  ↳ db/schema.rb:13
  [1m[36mActiveRecord::InternalMetadata Load (0.4ms)[0m  [1m[34mSELECT  "ar_internal_metadata".* FROM "ar_internal_metadata" WHERE "ar_internal_metadata"."key" = $1 LIMIT $2[0m  [["key", "environment"], ["LIMIT", 1]]
  ↳ db/schema.rb:13
  [1m[35m (0.1ms)[0m  [1m[35mBEGIN[0m
  ↳ db/schema.rb:13
  [1m[36mActiveRecord::InternalMetadata Create (0.4ms)[0m  [1m[32mINSERT INTO "ar_internal_metadata" ("key", "value", "created_at", "updated_at") VALUES ($1, $2, $3, $4) RETURNING "key"[0m  [["key", "environment"], ["value", "development"], ["created_at", "2018-11-01 02:37:15.471608"], ["updated_at", "2018-11-01 02:37:15.471608"]]
  ↳ db/schema.rb:13
  [1m[35m (1.9ms)[0m  [1m[35mCOMMIT[0m
  ↳ db/schema.rb:13
  [1m[36mActiveRecord::InternalMetadata Load (0.3ms)[0m  [1m[34mSELECT  "ar_internal_metadata".* FROM "ar_internal_metadata" WHERE "ar_internal_metadata"."key" = $1 LIMIT $2[0m  [["key", "environment"], ["LIMIT", 1]]
  ↳ /home/ggoh/.rbenv/versions/2.5.1/bin/rake:23
  [1m[35m (0.1ms)[0m  [1m[35mBEGIN[0m
  ↳ /home/ggoh/.rbenv/versions/2.5.1/bin/rake:23
  [1m[36mActiveRecord::InternalMetadata Update (0.3ms)[0m  [1m[33mUPDATE "ar_internal_metadata" SET "value" = $1, "updated_at" = $2 WHERE "ar_internal_metadata"."key" = $3[0m  [["value", "test"], ["updated_at", "2018-11-01 02:37:15.477665"], ["key", "environment"]]
  ↳ /home/ggoh/.rbenv/versions/2.5.1/bin/rake:23
  [1m[35m (2.0ms)[0m  [1m[35mCOMMIT[0m
  ↳ /home/ggoh/.rbenv/versions/2.5.1/bin/rake:23
  [1m[35m (0.7ms)[0m  [1m[34mSELECT "schema_migrations"."version" FROM "schema_migrations" ORDER BY "schema_migrations"."version" ASC[0m
  ↳ /home/ggoh/.rbenv/versions/2.5.1/bin/rake:23
Started GET "/" for 127.0.0.1 at 2018-11-01 10:37:23 +0800
  [1m[35m (0.7ms)[0m  [1m[34mSELECT "schema_migrations"."version" FROM "schema_migrations" ORDER BY "schema_migrations"."version" ASC[0m
  ↳ /home/ggoh/.rbenv/versions/2.5.1/lib/ruby/gems/2.5.0/gems/activerecord-5.2.1/lib/active_record/log_subscriber.rb:98
Processing by PagesController#welcome as HTML
  Rendering pages/welcome.html.erb within layouts/application
  Rendered pages/welcome.html.erb within layouts/application (0.7ms)
Completed 200 OK in 28759ms (Views: 28706.9ms | ActiveRecord: 0.0ms)


Started GET "/blog" for 127.0.0.1 at 2018-11-01 10:38:03 +0800
Processing by PostsController#index as HTML
  Rendering posts/index.html.erb within layouts/application
  Rendered layouts/_navigation.html.erb (14.0ms)
  [1m[36mPost Load (25.5ms)[0m  [1m[34mSELECT "posts".* FROM "posts"[0m
  ↳ app/views/posts/index.html.erb:7
  Rendered posts/index.html.erb within layouts/application (51.4ms)
Completed 200 OK in 342ms (Views: 242.1ms | ActiveRecord: 28.6ms)


Started GET "/about" for 127.0.0.1 at 2018-11-01 10:38:07 +0800
Processing by PagesController#about as HTML
  Rendering pages/about.html.erb within layouts/application
  Rendered pages/about.html.erb within layouts/application (0.3ms)
Completed 200 OK in 200ms (Views: 199.3ms | ActiveRecord: 0.0ms)


Started GET "/contact" for 127.0.0.1 at 2018-11-01 10:38:09 +0800
Processing by PagesController#contact as HTML
  Rendering pages/contact.html.erb within layouts/application
  Rendered pages/contact.html.erb within layouts/application (0.4ms)
Completed 200 OK in 195ms (Views: 194.0ms | ActiveRecord: 0.0ms)


Started GET "/blog" for 127.0.0.1 at 2018-11-01 10:38:10 +0800
Processing by PostsController#index as HTML
  Rendering posts/index.html.erb within layouts/application
  Rendered layouts/_navigation.html.erb (5.7ms)
  [1m[36mPost Load (0.3ms)[0m  [1m[34mSELECT "posts".* FROM "posts"[0m
  ↳ app/views/posts/index.html.erb:7
  Rendered posts/index.html.erb within layouts/application (11.1ms)
Completed 200 OK in 217ms (Views: 215.1ms | ActiveRecord: 0.3ms)


Started GET "/portfolio" for 127.0.0.1 at 2018-11-01 10:38:13 +0800
Processing by PagesController#portfolio as HTML
  Rendering pages/portfolio.html.erb within layouts/application
  Rendered pages/portfolio.html.erb within layouts/application (0.7ms)
Completed 200 OK in 208ms (Views: 194.7ms | ActiveRecord: 0.0ms)


Started GET "/" for 127.0.0.1 at 2018-11-01 10:38:15 +0800
Processing by PagesController#welcome as HTML
  Rendering pages/welcome.html.erb within layouts/application
  Rendered pages/welcome.html.erb within layouts/application (0.5ms)
Completed 200 OK in 245ms (Views: 243.6ms | ActiveRecord: 0.0ms)


Started GET "/portfolio" for 127.0.0.1 at 2018-11-01 10:38:16 +0800
Processing by PagesController#portfolio as HTML
  Rendering pages/portfolio.html.erb within layouts/application
  Rendered pages/portfolio.html.erb within layouts/application (0.7ms)
Completed 200 OK in 232ms (Views: 230.5ms | ActiveRecord: 0.0ms)


Started GET "/blog" for 127.0.0.1 at 2018-11-01 10:38:17 +0800
Processing by PostsController#index as HTML
  Rendering posts/index.html.erb within layouts/application
  Rendered layouts/_navigation.html.erb (1.0ms)
  [1m[36mPost Load (2.9ms)[0m  [1m[34mSELECT "posts".* FROM "posts"[0m
  ↳ app/views/posts/index.html.erb:7
  Rendered posts/index.html.erb within layouts/application (10.0ms)
Completed 200 OK in 217ms (Views: 212.7ms | ActiveRecord: 2.9ms)


Started GET "/about" for 127.0.0.1 at 2018-11-01 10:38:18 +0800
Processing by PagesController#about as HTML
  Rendering pages/about.html.erb within layouts/application
  Rendered pages/about.html.erb within layouts/application (0.4ms)
Completed 200 OK in 202ms (Views: 200.6ms | ActiveRecord: 0.0ms)


Started GET "/contact" for 127.0.0.1 at 2018-11-01 10:38:18 +0800
Processing by PagesController#contact as HTML
  Rendering pages/contact.html.erb within layouts/application
  Rendered pages/contact.html.erb within layouts/application (0.4ms)
Completed 200 OK in 194ms (Views: 192.8ms | ActiveRecord: 0.0ms)


Started GET "/about" for 127.0.0.1 at 2018-11-01 10:38:20 +0800
Processing by PagesController#about as HTML
  Rendering pages/about.html.erb within layouts/application
  Rendered pages/about.html.erb within layouts/application (0.5ms)
Completed 200 OK in 221ms (Views: 211.5ms | ActiveRecord: 0.0ms)


Started GET "/blog" for 127.0.0.1 at 2018-11-01 10:38:21 +0800
Processing by PostsController#index as HTML
  Rendering posts/index.html.erb within layouts/application
  Rendered layouts/_navigation.html.erb (4.5ms)
  [1m[36mPost Load (0.3ms)[0m  [1m[34mSELECT "posts".* FROM "posts"[0m
  ↳ app/views/posts/index.html.erb:7
  Rendered posts/index.html.erb within layouts/application (10.2ms)
Completed 200 OK in 213ms (Views: 208.6ms | ActiveRecord: 0.3ms)


Started GET "/" for 127.0.0.1 at 2018-11-01 10:38:25 +0800
Processing by PagesController#welcome as HTML
  Rendering pages/welcome.html.erb within layouts/application
  Rendered pages/welcome.html.erb within layouts/application (0.4ms)
Completed 200 OK in 241ms (Views: 239.3ms | ActiveRecord: 0.0ms)


Started GET "/portfolio" for 127.0.0.1 at 2018-11-01 10:38:26 +0800
Processing by PagesController#portfolio as HTML
  Rendering pages/portfolio.html.erb within layouts/application
  Rendered pages/portfolio.html.erb within layouts/application (0.6ms)
Completed 200 OK in 182ms (Views: 177.3ms | ActiveRecord: 0.0ms)


Started GET "/blog" for 127.0.0.1 at 2018-11-01 10:38:27 +0800
Processing by PostsController#index as HTML
  Rendering posts/index.html.erb within layouts/application
  Rendered layouts/_navigation.html.erb (1.1ms)
  [1m[36mPost Load (0.3ms)[0m  [1m[34mSELECT "posts".* FROM "posts"[0m
  ↳ app/views/posts/index.html.erb:7
  Rendered posts/index.html.erb within layouts/application (8.7ms)
Completed 200 OK in 218ms (Views: 214.9ms | ActiveRecord: 0.3ms)


Started GET "/about" for 127.0.0.1 at 2018-11-01 10:38:28 +0800
Processing by PagesController#about as HTML
  Rendering pages/about.html.erb within layouts/application
  Rendered pages/about.html.erb within layouts/application (0.4ms)
Completed 200 OK in 203ms (Views: 198.1ms | ActiveRecord: 0.0ms)


Started GET "/contact" for 127.0.0.1 at 2018-11-01 10:38:29 +0800
Processing by PagesController#contact as HTML
  Rendering pages/contact.html.erb within layouts/application
  Rendered pages/contact.html.erb within layouts/application (0.4ms)
Completed 200 OK in 226ms (Views: 224.3ms | ActiveRecord: 0.0ms)


